sample/build/outputs/logs/manifest-merger-debug-report.txt
-- Merging decision tree log ---
manifest
ADDED from AndroidManifest.xml:17:1
	xmlns:android
		ADDED from AndroidManifest.xml:17:11
	package
		ADDED from AndroidManifest.xml:18:5
		INJECTED from AndroidManifest.xml:0:0
		INJECTED from AndroidManifest.xml:0:0
	android:versionName
		ADDED from AndroidManifest.xml:20:5
		INJECTED from AndroidManifest.xml:0:0
		INJECTED from AndroidManifest.xml:0:0
	android:versionCode
		ADDED from AndroidManifest.xml:19:5
		INJECTED from AndroidManifest.xml:0:0
		INJECTED from AndroidManifest.xml:0:0
uses-sdk
ADDED from AndroidManifest.xml:22:3
MERGED from com.android.support:appcompat-v7:22.0.0:20:5
MERGED from com.android.support:support-v4:22.0.0:20:5
	android:targetSdkVersion
		ADDED from AndroidManifest.xml:22:39
		INJECTED from AndroidManifest.xml:0:0
		INJECTED from AndroidManifest.xml:0:0
	android:minSdkVersion
		ADDED from AndroidManifest.xml:22:13
		INJECTED from AndroidManifest.xml:0:0
		INJECTED from AndroidManifest.xml:0:0
uses-permission#android.permission.INTERNET
ADDED from AndroidManifest.xml:24:3
	android:name
		ADDED from AndroidManifest.xml:24:20
application
ADDED from AndroidManifest.xml:26:3
MERGED from com.android.support:appcompat-v7:22.0.0:22:5
MERGED from com.android.support:support-v4:22.0.0:22:5
	android:label
		ADDED from AndroidManifest.xml:26:16
activity#com.examples.youtubeapidemo.YouTubeAPIDemoActivity
ADDED from AndroidManifest.xml:28:5
	android:label
		ADDED from AndroidManifest.xml:29:9
	android:name
		ADDED from AndroidManifest.xml:30:9
intent-filter#android.intent.action.MAIN+android.intent.category.LAUNCHER
ADDED from AndroidManifest.xml:31:7
action#android.intent.action.MAIN
ADDED from AndroidManifest.xml:32:9
	android:name
		ADDED from AndroidManifest.xml:32:17
category#android.intent.category.LAUNCHER
ADDED from AndroidManifest.xml:33:9
	android:name
		ADDED from AndroidManifest.xml:33:19
meta-data#@string/isLaunchableActivity
ADDED from AndroidManifest.xml:35:7
	android:name
		ADDED from AndroidManifest.xml:35:18
	android:value
		ADDED from AndroidManifest.xml:35:62
activity#com.examples.youtubeapidemo.VideoWallDemoActivity
ADDED from AndroidManifest.xml:38:5
	android:screenOrientation
		ADDED from AndroidManifest.xml:41:9
	android:label
		ADDED from AndroidManifest.xml:39:9
	android:configChanges
		ADDED from AndroidManifest.xml:43:9
	android:theme
		ADDED from AndroidManifest.xml:42:9
	android:name
		ADDED from AndroidManifest.xml:40:9
meta-data#@string/minVersion
ADDED from AndroidManifest.xml:44:7
	android:name
		ADDED from AndroidManifest.xml:44:18
	android:value
		ADDED from AndroidManifest.xml:44:52
activity#com.examples.youtubeapidemo.VideoListDemoActivity
ADDED from AndroidManifest.xml:48:5
	android:label
		ADDED from AndroidManifest.xml:49:9
	android:configChanges
		ADDED from AndroidManifest.xml:51:9
	android:name
		ADDED from AndroidManifest.xml:50:9
activity#com.examples.youtubeapidemo.PlayerViewDemoActivity
ADDED from AndroidManifest.xml:56:5
	android:screenOrientation
		ADDED from AndroidManifest.xml:59:9
	android:label
		ADDED from AndroidManifest.xml:57:9
	android:configChanges
		ADDED from AndroidManifest.xml:60:9
	android:name
		ADDED from AndroidManifest.xml:58:9
activity#com.examples.youtubeapidemo.FragmentDemoActivity
ADDED from AndroidManifest.xml:65:5
	android:screenOrientation
		ADDED from AndroidManifest.xml:68:9
	android:label
		ADDED from AndroidManifest.xml:66:9
	android:configChanges
		ADDED from AndroidManifest.xml:69:9
	android:name
		ADDED from AndroidManifest.xml:67:9
activity#com.examples.youtubeapidemo.PlayerControlsDemoActivity
ADDED from AndroidManifest.xml:74:5
	android:windowSoftInputMode
		ADDED from AndroidManifest.xml:77:9
	android:label
		ADDED from AndroidManifest.xml:75:9
	android:name
		ADDED from AndroidManifest.xml:76:9
activity#com.examples.youtubeapidemo.FullscreenDemoActivity
ADDED from AndroidManifest.xml:82:5
	android:screenOrientation
		ADDED from AndroidManifest.xml:85:9
	android:label
		ADDED from AndroidManifest.xml:83:9
	android:configChanges
		ADDED from AndroidManifest.xml:86:9
	android:theme
		ADDED from AndroidManifest.xml:87:9
	android:name
		ADDED from AndroidManifest.xml:84:9
activity#com.examples.youtubeapidemo.ActionBarDemoActivity
ADDED from AndroidManifest.xml:92:5
	android:screenOrientation
		ADDED from AndroidManifest.xml:97:9
	android:label
		ADDED from AndroidManifest.xml:93:9
	android:configChanges
		ADDED from AndroidManifest.xml:95:9
	android:theme
		ADDED from AndroidManifest.xml:96:9
	android:name
		ADDED from AndroidManifest.xml:94:9
activity#com.examples.youtubeapidemo.StandalonePlayerDemoActivity
ADDED from AndroidManifest.xml:102:5
	android:label
		ADDED from AndroidManifest.xml:103:9
	android:name
		ADDED from AndroidManifest.xml:104:9
activity#com.examples.youtubeapidemo.IntentsDemoActivity
ADDED from AndroidManifest.xml:109:5
	android:label
		ADDED from AndroidManifest.xml:110:9
	android:name
		ADDED from AndroidManifest.xml:111:9